{"/Users/aris/Documents/projects/mobxsendmoney/src/App.js": {"path":"/Users/aris/Documents/projects/mobxsendmoney/src/App.js","statementMap":{"0":{"start":{"line":1,"column":13},"end":{"line":1,"column":75}},"1":{"start":{"line":1,"column":94},"end":{"line":1,"column":151}},"2":{"start":{"line":1,"column":165},"end":{"line":1,"column":181}},"3":{"start":{"line":1,"column":196},"end":{"line":1,"column":226}},"4":{"start":{"line":2,"column":22},"end":{"line":2,"column":49}},"5":{"start":{"line":3,"column":15},"end":{"line":3,"column":33}},"6":{"start":{"line":5,"column":26},"end":{"line":5,"column":68}},"7":{"start":{"line":5,"column":96},"end":{"line":5,"column":139}},"8":{"start":{"line":6,"column":17},"end":{"line":6,"column":38}},"9":{"start":{"line":7,"column":17},"end":{"line":7,"column":51}},"10":{"start":{"line":7,"column":70},"end":{"line":7,"column":104}},"11":{"start":{"line":9,"column":14},"end":{"line":9,"column":49}},"12":{"start":{"line":10,"column":12},"end":{"line":10,"column":52}},"13":{"start":{"line":10,"column":66},"end":{"line":10,"column":95}},"14":{"start":{"line":11,"column":12},"end":{"line":11,"column":52}},"15":{"start":{"line":11,"column":66},"end":{"line":11,"column":95}},"16":{"start":{"line":12,"column":11},"end":{"line":12,"column":50}},"17":{"start":{"line":12,"column":63},"end":{"line":12,"column":91}},"18":{"start":{"line":12,"column":130},"end":{"line":12,"column":184}},"19":{"start":{"line":14,"column":23},"end":{"line":14,"column":48}},"20":{"start":{"line":15,"column":16},"end":{"line":15,"column":52}},"21":{"start":{"line":16,"column":17},"end":{"line":27,"column":25}},"22":{"start":{"line":31,"column":12},"end":{"line":36,"column":148}},"23":{"start":{"line":32,"column":0},"end":{"line":36,"column":148}},"24":{"start":{"line":36,"column":149},"end":{"line":43,"column":4}}},"fnMap":{"0":{"name":"_interopRequireDefault","decl":{"start":{"line":12,"column":101},"end":{"line":12,"column":123}},"loc":{"start":{"line":12,"column":129},"end":{"line":12,"column":185}},"line":12},"1":{"name":"(anonymous_1)","decl":{"start":{"line":31,"column":12},"end":{"line":31,"column":13}},"loc":{"start":{"line":32,"column":0},"end":{"line":36,"column":148}},"line":32}},"branchMap":{"0":{"loc":{"start":{"line":12,"column":137},"end":{"line":12,"column":183}},"type":"cond-expr","locations":[{"start":{"line":12,"column":161},"end":{"line":12,"column":164}},{"start":{"line":12,"column":167},"end":{"line":12,"column":183}}],"line":12},"1":{"loc":{"start":{"line":12,"column":137},"end":{"line":12,"column":158}},"type":"binary-expr","locations":[{"start":{"line":12,"column":137},"end":{"line":12,"column":140}},{"start":{"line":12,"column":144},"end":{"line":12,"column":158}}],"line":12}},"s":{"0":0,"1":0,"2":0,"3":0,"4":0,"5":0,"6":0,"7":0,"8":0,"9":0,"10":0,"11":0,"12":0,"13":0,"14":0,"15":0,"16":0,"17":0,"18":0,"19":0,"20":0,"21":0,"22":0,"23":0,"24":0},"f":{"0":0,"1":0},"b":{"0":[0,0],"1":[0,0]}}
,"/Users/aris/Documents/projects/mobxsendmoney/src/index.js": {"path":"/Users/aris/Documents/projects/mobxsendmoney/src/index.js","statementMap":{"0":{"start":{"line":1,"column":32},"end":{"line":1,"column":91}},"1":{"start":{"line":1,"column":105},"end":{"line":1,"column":121}},"2":{"start":{"line":1,"column":136},"end":{"line":1,"column":166}},"3":{"start":{"line":2,"column":16},"end":{"line":2,"column":36}},"4":{"start":{"line":2,"column":54},"end":{"line":2,"column":87}},"5":{"start":{"line":4,"column":11},"end":{"line":4,"column":27}},"6":{"start":{"line":4,"column":40},"end":{"line":4,"column":68}},"7":{"start":{"line":6,"column":0},"end":{"line":6,"column":24}},"8":{"start":{"line":6,"column":62},"end":{"line":6,"column":116}},"9":{"start":{"line":8,"column":0},"end":{"line":10,"column":33}}},"fnMap":{"0":{"name":"_interopRequireDefault","decl":{"start":{"line":6,"column":33},"end":{"line":6,"column":55}},"loc":{"start":{"line":6,"column":61},"end":{"line":6,"column":117}},"line":6}},"branchMap":{"0":{"loc":{"start":{"line":6,"column":69},"end":{"line":6,"column":115}},"type":"cond-expr","locations":[{"start":{"line":6,"column":93},"end":{"line":6,"column":96}},{"start":{"line":6,"column":99},"end":{"line":6,"column":115}}],"line":6},"1":{"loc":{"start":{"line":6,"column":69},"end":{"line":6,"column":90}},"type":"binary-expr","locations":[{"start":{"line":6,"column":69},"end":{"line":6,"column":72}},{"start":{"line":6,"column":76},"end":{"line":6,"column":90}}],"line":6}},"s":{"0":0,"1":0,"2":0,"3":0,"4":0,"5":0,"6":0,"7":0,"8":0,"9":0},"f":{"0":0},"b":{"0":[0,0],"1":[0,0]}}
,"/Users/aris/Documents/projects/mobxsendmoney/src/registerServiceWorker.js": {"path":"/Users/aris/Documents/projects/mobxsendmoney/src/registerServiceWorker.js","statementMap":{"0":{"start":{"line":1,"column":13},"end":{"line":1,"column":75}},"1":{"start":{"line":1,"column":75},"end":{"line":21,"column":9}},"2":{"start":{"line":21,"column":9},"end":{"line":111,"column":24}},"3":{"start":{"line":118,"column":20},"end":{"line":120,"column":89}},"4":{"start":{"line":120,"column":111},"end":{"line":128,"column":36}},"5":{"start":{"line":121,"column":22},"end":{"line":121,"column":70}},"6":{"start":{"line":121,"column":71},"end":{"line":124,"column":14}},"7":{"start":{"line":124,"column":6},"end":{"line":124,"column":13}},"8":{"start":{"line":124,"column":14},"end":{"line":128,"column":35}},"9":{"start":{"line":124,"column":67},"end":{"line":124,"column":112}},"10":{"start":{"line":124,"column":113},"end":{"line":128,"column":32}},"11":{"start":{"line":125,"column":8},"end":{"line":125,"column":39}},"12":{"start":{"line":127,"column":8},"end":{"line":127,"column":178}},"13":{"start":{"line":127,"column":50},"end":{"line":127,"column":175}},"14":{"start":{"line":128,"column":8},"end":{"line":128,"column":31}},"15":{"start":{"line":128,"column":70},"end":{"line":135,"column":156}},"16":{"start":{"line":128,"column":132},"end":{"line":135,"column":68}},"17":{"start":{"line":128,"column":193},"end":{"line":128,"column":216}},"18":{"start":{"line":128,"column":217},"end":{"line":135,"column":66}},"19":{"start":{"line":128,"column":257},"end":{"line":135,"column":64}},"20":{"start":{"line":128,"column":302},"end":{"line":135,"column":63}},"21":{"start":{"line":132,"column":12},"end":{"line":132,"column":69}},"22":{"start":{"line":135,"column":12},"end":{"line":135,"column":62}},"23":{"start":{"line":135,"column":87},"end":{"line":135,"column":153}},"24":{"start":{"line":136,"column":2},"end":{"line":139,"column":126}},"25":{"start":{"line":137,"column":4},"end":{"line":139,"column":30}},"26":{"start":{"line":138,"column":6},"end":{"line":138,"column":127}},"27":{"start":{"line":138,"column":58},"end":{"line":138,"column":124}},"28":{"start":{"line":138,"column":96},"end":{"line":138,"column":121}},"29":{"start":{"line":139,"column":6},"end":{"line":139,"column":29}},"30":{"start":{"line":139,"column":46},"end":{"line":139,"column":123}},"31":{"start":{"line":139,"column":150},"end":{"line":139,"column":267}},"32":{"start":{"line":139,"column":185},"end":{"line":139,"column":266}},"33":{"start":{"line":139,"column":237},"end":{"line":139,"column":263}}},"fnMap":{"0":{"name":"register","decl":{"start":{"line":120,"column":99},"end":{"line":120,"column":107}},"loc":{"start":{"line":120,"column":110},"end":{"line":128,"column":37}},"line":120},"1":{"name":"(anonymous_1)","decl":{"start":{"line":124,"column":46},"end":{"line":124,"column":47}},"loc":{"start":{"line":124,"column":52},"end":{"line":128,"column":33}},"line":124},"2":{"name":"(anonymous_2)","decl":{"start":{"line":127,"column":43},"end":{"line":127,"column":44}},"loc":{"start":{"line":127,"column":49},"end":{"line":127,"column":176}},"line":127},"3":{"name":"registerValidSW","decl":{"start":{"line":128,"column":46},"end":{"line":128,"column":61}},"loc":{"start":{"line":128,"column":69},"end":{"line":135,"column":157}},"line":128},"4":{"name":"(anonymous_4)","decl":{"start":{"line":128,"column":115},"end":{"line":128,"column":116}},"loc":{"start":{"line":128,"column":131},"end":{"line":135,"column":69}},"line":128},"5":{"name":"(anonymous_5)","decl":{"start":{"line":128,"column":161},"end":{"line":128,"column":162}},"loc":{"start":{"line":128,"column":167},"end":{"line":135,"column":67}},"line":128},"6":{"name":"(anonymous_6)","decl":{"start":{"line":128,"column":250},"end":{"line":128,"column":251}},"loc":{"start":{"line":128,"column":256},"end":{"line":135,"column":65}},"line":128},"7":{"name":"(anonymous_7)","decl":{"start":{"line":135,"column":77},"end":{"line":135,"column":78}},"loc":{"start":{"line":135,"column":86},"end":{"line":135,"column":154}},"line":135},"8":{"name":"checkValidServiceWorker","decl":{"start":{"line":135,"column":166},"end":{"line":135,"column":189}},"loc":{"start":{"line":135,"column":197},"end":{"line":139,"column":127}},"line":135},"9":{"name":"(anonymous_9)","decl":{"start":{"line":136,"column":20},"end":{"line":136,"column":21}},"loc":{"start":{"line":136,"column":32},"end":{"line":139,"column":31}},"line":136},"10":{"name":"(anonymous_10)","decl":{"start":{"line":138,"column":41},"end":{"line":138,"column":42}},"loc":{"start":{"line":138,"column":57},"end":{"line":138,"column":125}},"line":138},"11":{"name":"(anonymous_11)","decl":{"start":{"line":138,"column":89},"end":{"line":138,"column":90}},"loc":{"start":{"line":138,"column":95},"end":{"line":138,"column":122}},"line":138},"12":{"name":"(anonymous_12)","decl":{"start":{"line":139,"column":39},"end":{"line":139,"column":40}},"loc":{"start":{"line":139,"column":45},"end":{"line":139,"column":124}},"line":139},"13":{"name":"unregister","decl":{"start":{"line":139,"column":136},"end":{"line":139,"column":146}},"loc":{"start":{"line":139,"column":149},"end":{"line":139,"column":268}},"line":139},"14":{"name":"(anonymous_14)","decl":{"start":{"line":139,"column":220},"end":{"line":139,"column":221}},"loc":{"start":{"line":139,"column":236},"end":{"line":139,"column":264}},"line":139}},"branchMap":{"0":{"loc":{"start":{"line":118,"column":28},"end":{"line":120,"column":88}},"type":"binary-expr","locations":[{"start":{"line":118,"column":28},"end":{"line":118,"column":68}},{"start":{"line":119,"column":0},"end":{"line":119,"column":36}},{"start":{"line":120,"column":0},"end":{"line":120,"column":88}}],"line":118},"1":{"loc":{"start":{"line":120,"column":111},"end":{"line":128,"column":36}},"type":"if","locations":[{"start":{"line":120,"column":111},"end":{"line":128,"column":36}},{"start":{"line":120,"column":111},"end":{"line":128,"column":36}}],"line":120},"2":{"loc":{"start":{"line":120,"column":115},"end":{"line":120,"column":184}},"type":"binary-expr","locations":[{"start":{"line":120,"column":115},"end":{"line":120,"column":152}},{"start":{"line":120,"column":156},"end":{"line":120,"column":184}}],"line":120},"3":{"loc":{"start":{"line":121,"column":71},"end":{"line":124,"column":14}},"type":"if","locations":[{"start":{"line":121,"column":71},"end":{"line":124,"column":14}},{"start":{"line":121,"column":71},"end":{"line":124,"column":14}}],"line":121},"4":{"loc":{"start":{"line":124,"column":113},"end":{"line":128,"column":32}},"type":"if","locations":[{"start":{"line":124,"column":113},"end":{"line":128,"column":32}},{"start":{"line":124,"column":113},"end":{"line":128,"column":32}}],"line":124},"5":{"loc":{"start":{"line":128,"column":257},"end":{"line":135,"column":64}},"type":"if","locations":[{"start":{"line":128,"column":257},"end":{"line":135,"column":64}},{"start":{"line":128,"column":257},"end":{"line":135,"column":64}}],"line":128},"6":{"loc":{"start":{"line":128,"column":302},"end":{"line":135,"column":63}},"type":"if","locations":[{"start":{"line":128,"column":302},"end":{"line":135,"column":63}},{"start":{"line":128,"column":302},"end":{"line":135,"column":63}}],"line":128},"7":{"loc":{"start":{"line":137,"column":4},"end":{"line":139,"column":30}},"type":"if","locations":[{"start":{"line":137,"column":4},"end":{"line":139,"column":30}},{"start":{"line":137,"column":4},"end":{"line":139,"column":30}}],"line":137},"8":{"loc":{"start":{"line":137,"column":8},"end":{"line":137,"column":100}},"type":"binary-expr","locations":[{"start":{"line":137,"column":8},"end":{"line":137,"column":31}},{"start":{"line":137,"column":35},"end":{"line":137,"column":100}}],"line":137},"9":{"loc":{"start":{"line":139,"column":150},"end":{"line":139,"column":267}},"type":"if","locations":[{"start":{"line":139,"column":150},"end":{"line":139,"column":267}},{"start":{"line":139,"column":150},"end":{"line":139,"column":267}}],"line":139}},"s":{"0":0,"1":0,"2":0,"3":0,"4":0,"5":0,"6":0,"7":0,"8":0,"9":0,"10":0,"11":0,"12":0,"13":0,"14":0,"15":0,"16":0,"17":0,"18":0,"19":0,"20":0,"21":0,"22":0,"23":0,"24":0,"25":0,"26":0,"27":0,"28":0,"29":0,"30":0,"31":0,"32":0,"33":0},"f":{"0":0,"1":0,"2":0,"3":0,"4":0,"5":0,"6":0,"7":0,"8":0,"9":0,"10":0,"11":0,"12":0,"13":0,"14":0},"b":{"0":[0,0,0],"1":[0,0],"2":[0,0],"3":[0,0],"4":[0,0],"5":[0,0],"6":[0,0],"7":[0,0],"8":[0,0],"9":[0,0]}}
,"/Users/aris/Documents/projects/mobxsendmoney/src/components/add-customer/add-customer.js": {"path":"/Users/aris/Documents/projects/mobxsendmoney/src/components/add-customer/add-customer.js","statementMap":{"0":{"start":{"line":14,"column":4},"end":{"line":14,"column":17}},"1":{"start":{"line":15,"column":4},"end":{"line":15,"column":53}},"2":{"start":{"line":19,"column":4},"end":{"line":19,"column":31}},"3":{"start":{"line":23,"column":4},"end":{"line":39,"column":6}},"4":{"start":{"line":43,"column":0},"end":{"line":47,"column":2}}},"fnMap":{"0":{"name":"(anonymous_0)","decl":{"start":{"line":13,"column":2},"end":{"line":13,"column":3}},"loc":{"start":{"line":13,"column":21},"end":{"line":16,"column":3}},"line":13},"1":{"name":"(anonymous_1)","decl":{"start":{"line":18,"column":2},"end":{"line":18,"column":3}},"loc":{"start":{"line":18,"column":22},"end":{"line":20,"column":3}},"line":18},"2":{"name":"(anonymous_2)","decl":{"start":{"line":22,"column":2},"end":{"line":22,"column":3}},"loc":{"start":{"line":22,"column":11},"end":{"line":40,"column":3}},"line":22}},"branchMap":{},"s":{"0":1,"1":1,"2":1,"3":1,"4":1},"f":{"0":1,"1":1,"2":1},"b":{},"_coverageSchema":"332fd63041d2c1bcb487cc26dd0d5f7d97098a6c","hash":"250535ae12cdd629df96d4d544e1bfb44ef9a91a"}
,"/Users/aris/Documents/projects/mobxsendmoney/src/components/graph-box/graph-box.js": {"path":"/Users/aris/Documents/projects/mobxsendmoney/src/components/graph-box/graph-box.js","statementMap":{"0":{"start":{"line":10,"column":4},"end":{"line":10,"column":17}},"1":{"start":{"line":14,"column":39},"end":{"line":14,"column":49}},"2":{"start":{"line":15,"column":4},"end":{"line":36,"column":6}},"3":{"start":{"line":40,"column":0},"end":{"line":44,"column":2}}},"fnMap":{"0":{"name":"(anonymous_0)","decl":{"start":{"line":9,"column":2},"end":{"line":9,"column":3}},"loc":{"start":{"line":9,"column":21},"end":{"line":11,"column":3}},"line":9},"1":{"name":"(anonymous_1)","decl":{"start":{"line":13,"column":2},"end":{"line":13,"column":3}},"loc":{"start":{"line":13,"column":11},"end":{"line":37,"column":3}},"line":13}},"branchMap":{},"s":{"0":1,"1":1,"2":1,"3":1},"f":{"0":1,"1":1},"b":{},"_coverageSchema":"332fd63041d2c1bcb487cc26dd0d5f7d97098a6c","hash":"a880029982981b3fe781ee3c18d4419cc4b8e34d"}
,"/Users/aris/Documents/projects/mobxsendmoney/src/components/input/input.js": {"path":"/Users/aris/Documents/projects/mobxsendmoney/src/components/input/input.js","statementMap":{"0":{"start":{"line":22,"column":4},"end":{"line":22,"column":17}},"1":{"start":{"line":23,"column":4},"end":{"line":23,"column":51}},"2":{"start":{"line":31,"column":4},"end":{"line":31,"column":51}},"3":{"start":{"line":36,"column":25},"end":{"line":36,"column":53}},"4":{"start":{"line":37,"column":4},"end":{"line":60,"column":6}}},"fnMap":{"0":{"name":"(anonymous_0)","decl":{"start":{"line":21,"column":2},"end":{"line":21,"column":3}},"loc":{"start":{"line":21,"column":21},"end":{"line":24,"column":3}},"line":21},"1":{"name":"(anonymous_1)","decl":{"start":{"line":26,"column":2},"end":{"line":26,"column":3}},"loc":{"start":{"line":26,"column":21},"end":{"line":32,"column":3}},"line":26},"2":{"name":"(anonymous_2)","decl":{"start":{"line":34,"column":2},"end":{"line":34,"column":3}},"loc":{"start":{"line":34,"column":11},"end":{"line":61,"column":3}},"line":34}},"branchMap":{"0":{"loc":{"start":{"line":52,"column":56},"end":{"line":53,"column":86}},"type":"cond-expr","locations":[{"start":{"line":53,"column":69},"end":{"line":53,"column":77}},{"start":{"line":53,"column":80},"end":{"line":53,"column":86}}],"line":52},"1":{"loc":{"start":{"line":52,"column":56},"end":{"line":53,"column":66}},"type":"binary-expr","locations":[{"start":{"line":52,"column":57},"end":{"line":52,"column":101}},{"start":{"line":52,"column":105},"end":{"line":52,"column":133}},{"start":{"line":53,"column":14},"end":{"line":53,"column":33}},{"start":{"line":53,"column":37},"end":{"line":53,"column":65}}],"line":52},"2":{"loc":{"start":{"line":56,"column":35},"end":{"line":56,"column":67}},"type":"cond-expr","locations":[{"start":{"line":56,"column":50},"end":{"line":56,"column":58}},{"start":{"line":56,"column":61},"end":{"line":56,"column":67}}],"line":56}},"s":{"0":0,"1":0,"2":0,"3":0,"4":0},"f":{"0":0,"1":0,"2":0},"b":{"0":[0,0],"1":[0,0,0,0],"2":[0,0]},"_coverageSchema":"332fd63041d2c1bcb487cc26dd0d5f7d97098a6c","hash":"726d04992939eddb0dbef7d9dd1e100be0670cf5"}
,"/Users/aris/Documents/projects/mobxsendmoney/src/components/listings/Listings.js": {"path":"/Users/aris/Documents/projects/mobxsendmoney/src/components/listings/Listings.js","statementMap":{"0":{"start":{"line":9,"column":17},"end":{"line":31,"column":1}},"1":{"start":{"line":10,"column":18},"end":{"line":10,"column":23}},"2":{"start":{"line":11,"column":4},"end":{"line":30,"column":6}},"3":{"start":{"line":17,"column":12},"end":{"line":25,"column":14}}},"fnMap":{"0":{"name":"(anonymous_0)","decl":{"start":{"line":9,"column":17},"end":{"line":9,"column":18}},"loc":{"start":{"line":9,"column":26},"end":{"line":31,"column":1}},"line":9},"1":{"name":"(anonymous_1)","decl":{"start":{"line":16,"column":21},"end":{"line":16,"column":22}},"loc":{"start":{"line":16,"column":38},"end":{"line":26,"column":11}},"line":16}},"branchMap":{},"s":{"0":1,"1":1,"2":1,"3":1},"f":{"0":1,"1":1},"b":{},"_coverageSchema":"332fd63041d2c1bcb487cc26dd0d5f7d97098a6c","hash":"9c36a34cb60420484ae71506ad44e67b3aa6d684"}
,"/Users/aris/Documents/projects/mobxsendmoney/src/components/listings/listings.js": {"path":"/Users/aris/Documents/projects/mobxsendmoney/src/components/listings/listings.js","statementMap":{"0":{"start":{"line":1,"column":13},"end":{"line":1,"column":75}},"1":{"start":{"line":1,"column":94},"end":{"line":1,"column":176}},"2":{"start":{"line":1,"column":190},"end":{"line":1,"column":206}},"3":{"start":{"line":1,"column":221},"end":{"line":1,"column":251}},"4":{"start":{"line":2,"column":13},"end":{"line":2,"column":47}},"5":{"start":{"line":2,"column":62},"end":{"line":2,"column":92}},"6":{"start":{"line":3,"column":17},"end":{"line":3,"column":55}},"7":{"start":{"line":3,"column":74},"end":{"line":3,"column":108}},"8":{"start":{"line":4,"column":17},"end":{"line":4,"column":55}},"9":{"start":{"line":4,"column":74},"end":{"line":4,"column":108}},"10":{"start":{"line":5,"column":16},"end":{"line":5,"column":53}},"11":{"start":{"line":5,"column":71},"end":{"line":5,"column":104}},"12":{"start":{"line":7,"column":0},"end":{"line":7,"column":27}},"13":{"start":{"line":7,"column":65},"end":{"line":7,"column":119}},"14":{"start":{"line":9,"column":17},"end":{"line":31,"column":1}},"15":{"start":{"line":10,"column":10},"end":{"line":10,"column":21}},"16":{"start":{"line":11,"column":2},"end":{"line":26,"column":17}},"17":{"start":{"line":17,"column":12},"end":{"line":23,"column":182}},"18":{"start":{"line":31,"column":2},"end":{"line":33,"column":9}}},"fnMap":{"0":{"name":"_interopRequireDefault","decl":{"start":{"line":7,"column":36},"end":{"line":7,"column":58}},"loc":{"start":{"line":7,"column":64},"end":{"line":7,"column":120}},"line":7},"1":{"name":"(anonymous_1)","decl":{"start":{"line":9,"column":17},"end":{"line":9,"column":18}},"loc":{"start":{"line":9,"column":26},"end":{"line":31,"column":1}},"line":9},"2":{"name":"(anonymous_2)","decl":{"start":{"line":16,"column":20},"end":{"line":16,"column":21}},"loc":{"start":{"line":16,"column":37},"end":{"line":26,"column":11}},"line":16}},"branchMap":{"0":{"loc":{"start":{"line":7,"column":72},"end":{"line":7,"column":118}},"type":"cond-expr","locations":[{"start":{"line":7,"column":96},"end":{"line":7,"column":99}},{"start":{"line":7,"column":102},"end":{"line":7,"column":118}}],"line":7},"1":{"loc":{"start":{"line":7,"column":72},"end":{"line":7,"column":93}},"type":"binary-expr","locations":[{"start":{"line":7,"column":72},"end":{"line":7,"column":75}},{"start":{"line":7,"column":79},"end":{"line":7,"column":93}}],"line":7}},"s":{"0":0,"1":0,"2":0,"3":0,"4":0,"5":0,"6":0,"7":0,"8":0,"9":0,"10":0,"11":0,"12":0,"13":0,"14":0,"15":0,"16":0,"17":0,"18":0},"f":{"0":0,"1":0,"2":0},"b":{"0":[0,0],"1":[0,0]}}
,"/Users/aris/Documents/projects/mobxsendmoney/src/containers/customersContainer.js": {"path":"/Users/aris/Documents/projects/mobxsendmoney/src/containers/customersContainer.js","statementMap":{"0":{"start":{"line":1,"column":13},"end":{"line":1,"column":75}},"1":{"start":{"line":1,"column":106},"end":{"line":1,"column":189}},"2":{"start":{"line":1,"column":203},"end":{"line":1,"column":219}},"3":{"start":{"line":1,"column":234},"end":{"line":1,"column":264}},"4":{"start":{"line":2,"column":17},"end":{"line":2,"column":38}},"5":{"start":{"line":2,"column":57},"end":{"line":2,"column":91}},"6":{"start":{"line":4,"column":19},"end":{"line":4,"column":69}},"7":{"start":{"line":5,"column":16},"end":{"line":5,"column":58}},"8":{"start":{"line":5,"column":76},"end":{"line":5,"column":109}},"9":{"start":{"line":6,"column":16},"end":{"line":6,"column":60}},"10":{"start":{"line":8,"column":12},"end":{"line":8,"column":45}},"11":{"start":{"line":8,"column":59},"end":{"line":8,"column":88}},"12":{"start":{"line":10,"column":17},"end":{"line":10,"column":38}},"13":{"start":{"line":10,"column":77},"end":{"line":10,"column":131}},"14":{"start":{"line":14,"column":22},"end":{"line":50,"column":26}},"15":{"start":{"line":16,"column":4},"end":{"line":16,"column":17}},"16":{"start":{"line":18,"column":4},"end":{"line":18,"column":43}},"17":{"start":{"line":19,"column":4},"end":{"line":19,"column":57}},"18":{"start":{"line":23,"column":4},"end":{"line":23,"column":35}},"19":{"start":{"line":27,"column":4},"end":{"line":45,"column":114}},"20":{"start":{"line":53,"column":0},"end":{"line":54,"column":41}},"21":{"start":{"line":57,"column":0},"end":{"line":58,"column":18}},"22":{"start":{"line":58,"column":18},"end":{"line":62,"column":19}}},"fnMap":{"0":{"name":"_interopRequireDefault","decl":{"start":{"line":10,"column":48},"end":{"line":10,"column":70}},"loc":{"start":{"line":10,"column":76},"end":{"line":10,"column":132}},"line":10},"1":{"name":"(anonymous_1)","decl":{"start":{"line":15,"column":2},"end":{"line":15,"column":3}},"loc":{"start":{"line":15,"column":21},"end":{"line":20,"column":3}},"line":15},"2":{"name":"(anonymous_2)","decl":{"start":{"line":22,"column":2},"end":{"line":22,"column":3}},"loc":{"start":{"line":22,"column":22},"end":{"line":24,"column":3}},"line":22},"3":{"name":"(anonymous_3)","decl":{"start":{"line":26,"column":2},"end":{"line":26,"column":3}},"loc":{"start":{"line":26,"column":11},"end":{"line":50,"column":3}},"line":26}},"branchMap":{"0":{"loc":{"start":{"line":10,"column":84},"end":{"line":10,"column":130}},"type":"cond-expr","locations":[{"start":{"line":10,"column":108},"end":{"line":10,"column":111}},{"start":{"line":10,"column":114},"end":{"line":10,"column":130}}],"line":10},"1":{"loc":{"start":{"line":10,"column":84},"end":{"line":10,"column":105}},"type":"binary-expr","locations":[{"start":{"line":10,"column":84},"end":{"line":10,"column":87}},{"start":{"line":10,"column":91},"end":{"line":10,"column":105}}],"line":10},"2":{"loc":{"start":{"line":14,"column":71},"end":{"line":50,"column":26}},"type":"binary-expr","locations":[{"start":{"line":14,"column":71},"end":{"line":50,"column":16}},{"start":{"line":50,"column":20},"end":{"line":50,"column":26}}],"line":14},"3":{"loc":{"start":{"line":14,"column":85},"end":{"line":50,"column":15}},"type":"binary-expr","locations":[{"start":{"line":14,"column":85},"end":{"line":50,"column":5}},{"start":{"line":50,"column":9},"end":{"line":50,"column":15}}],"line":14}},"s":{"0":0,"1":0,"2":0,"3":0,"4":0,"5":0,"6":0,"7":0,"8":0,"9":0,"10":0,"11":0,"12":0,"13":0,"14":0,"15":0,"16":0,"17":0,"18":0,"19":0,"20":0,"21":0,"22":0},"f":{"0":0,"1":0,"2":0,"3":0},"b":{"0":[0,0],"1":[0,0],"2":[0,0],"3":[0,0]}}
,"/Users/aris/Documents/projects/mobxsendmoney/src/store/customers.store.jsx": {"path":"/Users/aris/Documents/projects/mobxsendmoney/src/store/customers.store.jsx","statementMap":{"0":{"start":{"line":1,"column":13},"end":{"line":1,"column":75}},"1":{"start":{"line":1,"column":75},"end":{"line":1,"column":103}},"2":{"start":{"line":1,"column":182},"end":{"line":1,"column":197}},"3":{"start":{"line":1,"column":263},"end":{"line":1,"column":287}},"4":{"start":{"line":1,"column":280},"end":{"line":1,"column":287}},"5":{"start":{"line":1,"column":287},"end":{"line":1,"column":515}},"6":{"start":{"line":1,"column":614},"end":{"line":1,"column":616}},"7":{"start":{"line":1,"column":617},"end":{"line":1,"column":704}},"8":{"start":{"line":1,"column":673},"end":{"line":1,"column":701}},"9":{"start":{"line":1,"column":704},"end":{"line":1,"column":740}},"10":{"start":{"line":1,"column":740},"end":{"line":1,"column":780}},"11":{"start":{"line":1,"column":780},"end":{"line":1,"column":844}},"12":{"start":{"line":1,"column":822},"end":{"line":1,"column":843}},"13":{"start":{"line":1,"column":844},"end":{"line":1,"column":973}},"14":{"start":{"line":1,"column":915},"end":{"line":1,"column":964}},"15":{"start":{"line":1,"column":973},"end":{"line":1,"column":1120}},"16":{"start":{"line":1,"column":1018},"end":{"line":1,"column":1090}},"17":{"start":{"line":1,"column":1090},"end":{"line":1,"column":1119}},"18":{"start":{"line":1,"column":1120},"end":{"line":1,"column":1221}},"19":{"start":{"line":1,"column":1154},"end":{"line":1,"column":1208}},"20":{"start":{"line":1,"column":1208},"end":{"line":1,"column":1220}},"21":{"start":{"line":1,"column":1221},"end":{"line":1,"column":1233}},"22":{"start":{"line":1,"column":1291},"end":{"line":1,"column":1402}},"23":{"start":{"line":3,"column":18},"end":{"line":31,"column":1011}},"24":{"start":{"line":3,"column":64},"end":{"line":3,"column":118}},"25":{"start":{"line":3,"column":118},"end":{"line":3,"column":168}},"26":{"start":{"line":3,"column":168},"end":{"line":3,"column":219}},"27":{"start":{"line":13,"column":8},"end":{"line":13,"column":38}},"28":{"start":{"line":14,"column":8},"end":{"line":14,"column":20}},"29":{"start":{"line":18,"column":23},"end":{"line":18,"column":24}},"30":{"start":{"line":19,"column":8},"end":{"line":21,"column":11}},"31":{"start":{"line":20,"column":12},"end":{"line":20,"column":48}},"32":{"start":{"line":22,"column":8},"end":{"line":22,"column":24}},"33":{"start":{"line":26,"column":23},"end":{"line":26,"column":24}},"34":{"start":{"line":27,"column":8},"end":{"line":29,"column":11}},"35":{"start":{"line":28,"column":12},"end":{"line":28,"column":48}},"36":{"start":{"line":30,"column":8},"end":{"line":30,"column":37}},"37":{"start":{"line":31,"column":146},"end":{"line":31,"column":221}},"38":{"start":{"line":31,"column":360},"end":{"line":31,"column":369}},"39":{"start":{"line":31,"column":509},"end":{"line":31,"column":522}},"40":{"start":{"line":31,"column":1013},"end":{"line":31,"column":1046}}},"fnMap":{"0":{"name":"_initDefineProp","decl":{"start":{"line":1,"column":207},"end":{"line":1,"column":222}},"loc":{"start":{"line":1,"column":262},"end":{"line":1,"column":516}},"line":1},"1":{"name":"_applyDecoratedDescriptor","decl":{"start":{"line":1,"column":525},"end":{"line":1,"column":550}},"loc":{"start":{"line":1,"column":602},"end":{"line":1,"column":1234}},"line":1},"2":{"name":"(anonymous_2)","decl":{"start":{"line":1,"column":657},"end":{"line":1,"column":658}},"loc":{"start":{"line":1,"column":672},"end":{"line":1,"column":702}},"line":1},"3":{"name":"(anonymous_3)","decl":{"start":{"line":1,"column":887},"end":{"line":1,"column":888}},"loc":{"start":{"line":1,"column":914},"end":{"line":1,"column":965}},"line":1},"4":{"name":"_initializerWarningHelper","decl":{"start":{"line":1,"column":1243},"end":{"line":1,"column":1268}},"loc":{"start":{"line":1,"column":1290},"end":{"line":1,"column":1403}},"line":1},"5":{"name":"(anonymous_5)","decl":{"start":{"line":3,"column":49},"end":{"line":3,"column":50}},"loc":{"start":{"line":3,"column":63},"end":{"line":3,"column":220}},"line":3},"6":{"name":"(anonymous_6)","decl":{"start":{"line":12,"column":4},"end":{"line":12,"column":5}},"loc":{"start":{"line":12,"column":29},"end":{"line":15,"column":5}},"line":12},"7":{"name":"(anonymous_7)","decl":{"start":{"line":17,"column":4},"end":{"line":17,"column":5}},"loc":{"start":{"line":17,"column":16},"end":{"line":23,"column":5}},"line":17},"8":{"name":"(anonymous_8)","decl":{"start":{"line":19,"column":31},"end":{"line":19,"column":32}},"loc":{"start":{"line":19,"column":39},"end":{"line":21,"column":9}},"line":19},"9":{"name":"(anonymous_9)","decl":{"start":{"line":25,"column":4},"end":{"line":25,"column":5}},"loc":{"start":{"line":25,"column":21},"end":{"line":31,"column":5}},"line":25},"10":{"name":"(anonymous_10)","decl":{"start":{"line":27,"column":31},"end":{"line":27,"column":32}},"loc":{"start":{"line":27,"column":39},"end":{"line":29,"column":9}},"line":27},"11":{"name":"(anonymous_11)","decl":{"start":{"line":31,"column":133},"end":{"line":31,"column":134}},"loc":{"start":{"line":31,"column":145},"end":{"line":31,"column":222}},"line":31},"12":{"name":"(anonymous_12)","decl":{"start":{"line":31,"column":347},"end":{"line":31,"column":348}},"loc":{"start":{"line":31,"column":359},"end":{"line":31,"column":370}},"line":31},"13":{"name":"(anonymous_13)","decl":{"start":{"line":31,"column":496},"end":{"line":31,"column":497}},"loc":{"start":{"line":31,"column":508},"end":{"line":31,"column":523}},"line":31}},"branchMap":{"0":{"loc":{"start":{"line":1,"column":263},"end":{"line":1,"column":287}},"type":"if","locations":[{"start":{"line":1,"column":263},"end":{"line":1,"column":287}},{"start":{"line":1,"column":263},"end":{"line":1,"column":287}}],"line":1},"1":{"loc":{"start":{"line":1,"column":441},"end":{"line":1,"column":511}},"type":"cond-expr","locations":[{"start":{"line":1,"column":466},"end":{"line":1,"column":502}},{"start":{"line":1,"column":505},"end":{"line":1,"column":511}}],"line":1},"2":{"loc":{"start":{"line":1,"column":780},"end":{"line":1,"column":844}},"type":"if","locations":[{"start":{"line":1,"column":780},"end":{"line":1,"column":844}},{"start":{"line":1,"column":780},"end":{"line":1,"column":844}}],"line":1},"3":{"loc":{"start":{"line":1,"column":784},"end":{"line":1,"column":819}},"type":"binary-expr","locations":[{"start":{"line":1,"column":784},"end":{"line":1,"column":799}},{"start":{"line":1,"column":803},"end":{"line":1,"column":819}}],"line":1},"4":{"loc":{"start":{"line":1,"column":922},"end":{"line":1,"column":963}},"type":"binary-expr","locations":[{"start":{"line":1,"column":922},"end":{"line":1,"column":955}},{"start":{"line":1,"column":959},"end":{"line":1,"column":963}}],"line":1},"5":{"loc":{"start":{"line":1,"column":973},"end":{"line":1,"column":1120}},"type":"if","locations":[{"start":{"line":1,"column":973},"end":{"line":1,"column":1120}},{"start":{"line":1,"column":973},"end":{"line":1,"column":1120}}],"line":1},"6":{"loc":{"start":{"line":1,"column":977},"end":{"line":1,"column":1015}},"type":"binary-expr","locations":[{"start":{"line":1,"column":977},"end":{"line":1,"column":984}},{"start":{"line":1,"column":988},"end":{"line":1,"column":1015}}],"line":1},"7":{"loc":{"start":{"line":1,"column":1031},"end":{"line":1,"column":1089}},"type":"cond-expr","locations":[{"start":{"line":1,"column":1050},"end":{"line":1,"column":1080}},{"start":{"line":1,"column":1083},"end":{"line":1,"column":1089}}],"line":1},"8":{"loc":{"start":{"line":1,"column":1120},"end":{"line":1,"column":1221}},"type":"if","locations":[{"start":{"line":1,"column":1120},"end":{"line":1,"column":1221}},{"start":{"line":1,"column":1120},"end":{"line":1,"column":1221}}],"line":1}},"s":{"0":0,"1":0,"2":0,"3":0,"4":0,"5":0,"6":0,"7":0,"8":0,"9":0,"10":0,"11":0,"12":0,"13":0,"14":0,"15":0,"16":0,"17":0,"18":0,"19":0,"20":0,"21":0,"22":0,"23":0,"24":0,"25":0,"26":0,"27":0,"28":0,"29":0,"30":0,"31":0,"32":0,"33":0,"34":0,"35":0,"36":0,"37":0,"38":0,"39":0,"40":0},"f":{"0":0,"1":0,"2":0,"3":0,"4":0,"5":0,"6":0,"7":0,"8":0,"9":0,"10":0,"11":0,"12":0,"13":0},"b":{"0":[0,0],"1":[0,0],"2":[0,0],"3":[0,0],"4":[0,0],"5":[0,0],"6":[0,0],"7":[0,0],"8":[0,0]}}
}
